[    0.000000] Initializing cgroup subsys cpuset
[    0.000000] Initializing cgroup subsys cpu
[    0.000000] Initializing cgroup subsys cpuacct
[    0.000000] Linux version 4.4.0-139-generic (buildd@lcy01-amd64-006) (gcc version 5.4.0 20160609 (Ubuntu 5.4.0-6ubuntu1~16.04.10) ) #165-Ubuntu SMP Wed Oct 24 10:58:50 UTC 2018 (Ubuntu 4.4.0-139.165-generic 4.4.160)
[    0.000000] Command line: BOOT_IMAGE=/boot/vmlinuz-4.4.0-139-generic root=UUID=8decbaf4-e443-4fa3-a19b-bd6d6b0a5c2d ro console=tty1 console=ttyS0
[    0.000000] KERNEL supported cpus:
[    0.000000] Intel GenuineIntel
[    0.000000]   AMD AuthenticAMD
[    0.000000]   Centaur CentaurHauls
[    0.000000] x86/fpu: xstate_offset[2]:  576, xstate_sizes[2]:  256
[    0.000000] x86/fpu: Supporting XSAVE feature 0x01: 'x87 floating point registers'
[    0.000000] x86/fpu: Supporting XSAVE feature 0x02: 'SSE registers'
[    0.000000] x86/fpu: Supporting XSAVE feature 0x04: 'AVX registers'
[    0.000000] x866/fpu: Enabled xstate features 0x7, context size is 832 bytes, using 'standard' format.
[    0.000000] e820: BIOS-provided physical RAM map:
[    0.000000] BIOS-e820: [mem 0x0000000000000000-0x000000000009fbff] usable
[    0.000000] BIOSe820: [mem 0x000000000009fc00-0x000000000009ffff] reserved
[    0.000000] BIOS-e820: [mem 0x00000000000f0000-0x00000000000fffff] reserved
[    0.000000] BIOS-e820: [mem 0x0000000000100000-0x000000007ffeffff] usable
[    0.000000] BIOS-e820: [mem 0x000000007fff0000-0x000000007fffffff] ACPI data
[    0.000000] BIOS-e820: [mem 0x00000000fec00000-0x00000000fec00fff] reserved
[    0.000000] BIOS-e820: [mem 0x00000000fee00000-0x00000000fee00fff]  reserved
[    0.000000] BIOS-e820: [mem 0x00000000fffc0000-0x00000000ffffffff] reserved
[    0.000000] NX (Execute Disable) protection: active
[    0.000000] SMBIOS 2.5 present.
[    0.000000] Hypervisor detected: KVM
[    0.000000] e820: last_pfn = 0x7fff0 max_arch_pfn = 0x400000000
[    0.000000] MTRR: Disabled
[    0.000000] x86/PAT: MTRRs disabled, skipping PAT initialization too.
[    0.000000] CPU MTRRs all blank - virtualized system.
[    0.000000] x86/PAT: Configuration [0-7]: WB  WT  UC- UC  WB  WT  UC- UC  
[    0.000000] found SMP MP-table at [mem 0x0009fff0-0x0009ffff] mapped at [ffff88000009fff0]
[    0.000000] Scanning 1 areas for low memory corruption
[    0.00000] RAMDIK: [mem 0x361ec000-0x370edfff]
[    0.000000] ACPI: Early table checksum verification disabled
[    0.000000] ACPI: RSDP 0x00000000000E0000 000024 (v02 VBOX  )
[    0.000000] ACPI: XSDT 0x000000007FFF0030 00003C (v01 VBOX   VBOXXSDT 00001 ASL  00000061)
[    0.000000] ACPI: FACP 0x000000007FFF00F0 0000F4 (v04 VBOX   VBOXFACP 00000001 ASL  00000061)
[    0.000000] ACPI: DSDT 0x000000007FFF0470 0021FF (v02 VBOX   VBOXBIOS 00000002 INTL 20100528)
[    0.000000] ACPI: FACS 0x000000007FFF0200 000040
[    0.000000] ACPI: FACS 0x000000007FFF0200 000040
[    0.000000] ACPI: APIC 0x000000007FFF0240 00005C (v02 VBOX   VBOXAPIC 00000001 ASL  00000061)
[    0.000000] ACPI: SSDT 0x000000007FFF02A0 0001CC (v01 VBOX   VBOXCPUT 00000002 INTL 20100528)
[    0.000000] No UMA configuration found
[    0.000000] Faking a node a [mem 0x0000000000000000-0x000000007ffeffff]
[     0.000000] NODE_DATA(0) allocated [mem 0x7ffeb000-0x7ffeffff]
[    0.000000] kvm-clock: Using msrs 4b564d01 and 4b564d00
[    0.000000] kvm-clock: cpu 0, msr 0:7ffe3001, primary cpu clock
[    0.000000] kvm-clock: using sched offset of 8750411967 cycles
[    0.000000] clocksource: kvm-clock: mask: 0xffffffffffffffff max_cycles: 0x1cd42e4dffb, max_idle_ns: 881590591483 ns
[    0.000000] Zone ranges:
[    0.000000]   DMA      [mem 0x0000000000001000-0x0000000000ffffff]
[    0.000000]   DMA32    [mem 0x0000000001000000-0x000000007ffeffff]
[    0.000000]   Normal   empty
[    0.000000]   Device   empty
[    0.000000] Movable zone start for each node
[    0.000000] Early memory node ranges
[    0.000000]   node   0: [mem 0x0000000000001000-0x000000000009efff]
[    0.000000]   node   0: [mem 0x0000000000100000-0x000000007ffeffff]
[    0.000000] Initmem setup node 0 [mem 0x000000000000100-0x000000007ffeffff]
[    0.000000] ACPI: PM-Timer IO Port: 0x4008
[    0.000000] IOAPIC[0]: apic_id 2, version 32, address 0xfec00000, GSI 0-23
[    0.000000] ACPI: INT_SRC_OVR (bus 0 bus_irq 0 global_irq 2 dfl dfl)
[    0.000000] ACPI: INT_SRC_OVR (bus 0 bus_irq 9 global_irq 9 low level)
[    0.000000] Using ACPI (MADT) for SMP configuration information
[    0.000000] smpboot: Allowing 2 CPUs, 0 hotplug CPUs
[    0.000000] PM: Registered nnosave memory: [mem 0x00000000-0x00000fff]
[    0.000000] PM: Registered nosave memory: [mem 0x0009f000-0x0009ffff]
[    0.000000] PM: Registered nosave memory: [mem 0x000a0000-0x000effff]
[    0.000000] PM: Registered nosave memory: [mem 0x000f0000-0x000fffff]
[    0.000000] e820: [mem 0x80000000-0xfebfffff] available for PCI devices
[    0.000000] Booting paravirtualized kernel on KVM
[    0.000000] clocksource: refined-jiffies: mask: 0xffffffff max_cycles: 0xffffffff, max_idle_ns: 7645519600211568 ns
[    0.000000] setup_percpu: NR_CPUS:512 nr_cpumask_bits:512 nr_cpu_ids:2 nr_node_ids:1
[    0.000000] PERCPU: Embedded 34 pages/cpu @ffff88007fc00000 s99608 r8192 d31464 u1048576
[    0.000000] PV qspinlock hash table entries: 256 (order: 0, 4096 bytes)
[    0.000000] Built 1 zonelists in Node order, mobility grouping on.  Total pages: 515960
[    0.000000] Policy zone: DMA32
[    0.000000] Kernel command line: BOOT_IMAGE=/boot/vmlinuz-4.4.0-139-generic root=UUID=8decbaf4-e443-4fa3-a19b-bd6d6b0a5c2d ro console=tty1 console=ttyS0
[    0.000000] PID hash table entries: 4096 (order: 3, 32768 bytes)
[    0.000000] Memory: 2029328K/2096696K available (8564K kernel code, 1314K rwdata, 4004K rodata, 1528K init, 1316K bss, 67368K reserved, 0K cma-reserved)
[    0.000000] SLUB: HWalign=64, Order=0-3, MinObjects=0, CPUs=2, Nodes=1
[    0.000000] Kernel/User page tables isolaion: enabled
[    0.000000] Hierarchical RCU implementation.
[    0.000000] 	Build-time adjustment of leaf fanout to 64.
[    0.000000] 	RCU restricting CPUs from NR_CPU=512 to nr_cpu_ids=2.
[    0.000000] RCU Adjusting geometry for rcu_fanout_leaf=64, nr_cpu_ids=2
[    0.000000] NR_IRQS:33024 nr_irqs:440 16
[    0.0000000] Console: colour VGA+ 80x25
[    0.000000] console [tty1] enabled
[    0.000000] console [ttyS0] enabled
[    0.000000] tsc: Detected 159.999 MHz processor
[    0.612943] Calibrating delay loop (skipped) preset value.. 3199.99 BogoMIPS (lpj=6399996)
[    0.619756] pid_max: default: 32768 minimum: 301
[    0.623323] ACPI: Core revision 20150930
[    0.629404] ACPI: 2 ACPI AML tables successfully acquired and loaded
[    0.642171] Security Framework initialized
[    0.645974] Yama: becoming mindful.
[    0.651555] AppArmor: AppArmor initialized
[    0.667454] Dentry cache hash table entries: 262144 (order: 9, 2097152 bytes)
[    0.683240] Inode-cache hash table entries: 131072 (order: 8, 1048576 bytes)
[    0.701014] Mount-cache hash table entries: 4096 (order: 3, 32768 bytes)
[    0.738514] Mountpoint-cache hash table entries: 4096 (order: 3, 32768 bytes)
[    0.776061] Initializing cgroup subsys io
[    0.795376] Initializing cgroup subsys memory
[    0.804584] Initializing cgroup subsys devices
[    0.812052] Initializing cgroup subsys freezer
[    0.814360] Initializing cgroup subsys net_cls
[    0.846871] Initializing cgroup subsys perf_event
[    0.849360] Initializing cgroup subsys net_prio
[    0.852351] Initializing cgroup subsys hugetlb
[    0.854743] Initializing cgroup subsys pids
[    0.859565] mce: CPU supports 0 MCE banks
[    0.861591] Last level iTLB entries: 4KB 64, 2MB 8, 4MB 8
[    0.864607] Last level dTLB entries: 4KB 64, 2MB 0, 4MB 0, 1GB 4
[    0.867874] Spectre V2 : Mitigation: Full generic retpoline
[    0.876774] Spectre V2 : Spectre v2 mitigation: Speculation control IBPB not-supported IBRS not-supported
[    0.881350] Spectre V2 : Spectre v2 / SpectreRSB mitigation: Filling RSB on context switch
[    0.885373] Speculative Store Bypass: Vulnerable
[    0.890551] Freeing SMP alternatives memory: 32K
[    0.902547] ftrace: allocating 32278 entries in 127 pages
[    0.963941] smpboot: APIC(0) Converting physical 0 to logical package 0
[    0.968075] smpboot: Max logical packages: 1
[    0.972970] x2apic enabled
[    0.975809] Switched APIC routing to physical x2apic.
[    0.980302] ..TIMER: vector=0x30 apic1=0 pin1=2 apic2=-1 pin2=-1
[    1.089775] smpboot: CPU0: Intel(R) Core(TM) i5-5250U CPU @ 1.60GHz (family: 0x6, model: 0x3d, stepping: 0x4)
[    1.095754] Performance Events: unsupported p6 CPU model 61 no PMU driver, software events only.
[    1.100825] KVM setup paravirtual spinlock
[    1.106674] x86: Booting SMP configuration:
[    1.109814] .... node  #0, CPUs:      #1
[    1.112578] kvm-clock: cpu 1, msr 0:7ffe3041, secondary cpu clock
[    1.115696] mce: CPU supports 0 MCE banks
[    1.119149] x86: Booted up 1 node, 2 CPUs
[    1.122277] smpboot: Total of 2 processors activated (6399.99 BogoMIPS)
[    1.126706] devtmpfs: initialized
[    1.130058] evm: security.selinux
[    1.131990] evm: security.SMACK64
[    1.133666] evm: security.SMACK64EXEC
[    1.135766] evm: security.SMACK64TRANSMUTE
[    1.137978] evm: security.SMACK64MMAP
[    1.140647] evm: security.ima
[    1.142712] evm: security.capability
[    1.145307] clocksource: jiffies: mask: 0xffffffff max_cycles: 0xffffffff, max_idle_ns: 7645041785100000 ns
[    1.150501] futex hash table entries: 512 (order: 3, 32768 bytes)
[    1.153643] pinctrl core: initialized pinctrl subsystem
[    1.157369] RTC time:  4:06:25, date: 03/08/19
[    1.160800] NET: Registered protocol family 16
[    1.174196] cpuidle: using governor ladder
[    1.190792] cpuidle: using governor menu
[    1.196237] PCCT header not found.
[    1.200238] ACPI: bus type PCI registered
[    1.202665] acpiphp: ACPI Hot Plug PCI Controller Driver version: 0.5
[    1.206178] PCI: Using configuration type 1 for base access
[    1.224939] ACPI: Added _OSI(Module Device)
[    1.228934] ACPI: Added _OSI(Processor Device)
[    1.231184] ACPI: Added _OSI(3.0 _SCP Extensions)
[    1.233127] ACPI: Added _OSI(Processor Aggregator Device)
[    1.236643] ACPI: Executed 1 blocks of module-level executable AML code
[    1.242588] ACPI: Interpreter enabled
[    1.245149] ACPI: (supports S0 S5)
[    1.246774] ACPI: Using IOAPIC for interrupt routing
[    1.249068] PCI: Using host bridge windows from ACPI; if necessary, use "pci=nocrs" and report a bug
[    1.262047] ACPI: PCI Root Bridge [PCI0] (domain 0000 [bus 00-ff])
[    1.267666] acpi PNP0A03:00: _OSC: OS supports [ASPM ClockPM Segments MSI]
[    1.270936] acpi PNP0A03:00: _OSC: not requesting OS control; OS requires [ExtendedConfig ASPM ClockPM MSI]
[    1.276769] acpi PNP0A03:00: fail to add MMCONFIG information, can't access extended PCI configuration space under this bridge.
[    1.285332] PCI host bridge to bus 0000:00
[    1.291030] pci_bus 0000:00: root bus resource [io  0x0000-0x0cf7 window]
[    1.295223] pci_bus 0000:00: root bus resource [io  0x0d00-0xffff window]
[    1.298709] pci_bus 0000:00: root bus resource [mem 0x000a0000-0x000bffff window]
[    1.302030] pci_bus 0000:00: root bus resource [mem 0x80000000-0xfdffffff window]
[    1.305968] pci_bus 0000:00: root bus resource [bus 00-ff]
[    1.313908] pci 0000:00:01.1: legacy IDE quirk: reg 0x10: [io  0x01f0-0x01f7]
[    1.318348] pci 0000:00:01.1: legacy IDE quirk: reg 0x14: [io  0x03f6]
[    1.322719] pci 0000:00:01.1: legacy IDE quirk: reg 0x18: [io  0x0170-0x0177]
[    1.326602] pci 0000:00:01.1: legacy IDE quirk: reg 0x1c: [io  0x0376]
[    1.386414] pci 0000:00:07.0: quirk: [io  0x4000-0x403f] claimed by PIIX4 ACPI
[    1.396232] pci 0000:00:07.0: quirk: [io  0x4100-0x410f] claimed by PIIX4 SMB
[    1.414488] ACPI: PCI Interrupt Link [LNKA] (IRQs 5 9 10 *11)
[    1.424385] ACPI: PCI Interrupt Link [LNKB] (IRQs 5 9 *10 11)
[    1.428843] ACPI: PCI Interrupt Link [LNKC] (IRQs 5 *9 10 11)
[    1.431983] ACPI: PCI Interrupt Link [LNKD] (IRQs 5 9 10 *11)
[    1.435227] ACPI: Enabled 2 GPEs in block 00 to 07
[    1.438247] vgaarb: setting as boot device: PCI:0000:00:02.0
[    1.441412] vgaarb: device added: PCI:0000:00:02.0,decodes=io+mem,owns=io+mem,locks=none
[    1.444835] vgaarb: loaded
[    1.446146] vgaarb: bridge control possible 0000:00:02.0
[    1.449071] SCSI subsystem initialized
[    1.451138] ACPI: bus type USB registered
[    1.452860] usbcore: registered new interface driver usbfs
[    1.455105] usbcore: registered new interface driver hub
[    1.457330] usbcore: registered new device driver usb
[    1.459765] PCI: Using ACPI for IRQ routing
[    1.462251] NetLabel: Initializing
[    1.463787] NetLabel:  domain hash size = 128
[    1.465569] NetLabel:  protocols = UNLABELED CIPSOv4
[    1.468475] NetLabel:  unlabeled traffic allowed by default
[    1.472809] amd_nb: Cannot enumerate AMD northbridges
[    1.475003] clocksource: Switched to clocksource kvm-clock
[    1.487861] AppArmor: AppArmor Filesystem Enabled
[    1.490890] pnp: PnP ACPI init
[    1.494081] pnp: PnP ACPI: found 3 devices
[    1.515113] clockource: acpi_pm: mask: 0xfffff max_cycles: 0xffffff, max_idle_ns: 2085701024 ns
[    1.570845] NET: Registered protocol family 2

[    1.573202] TCP established hash table entries: 16384 (order: 5, 131072 bytes)
[    1.576532] TCP bind hash table entries: 16384 (order: 6, 262144 bytes)
[    1.583300] TCP: Hash tables configured (established 16384 bind 16384)
[    1.585868] UDP hash table entries: 1024 (order: 3, 32768 bytes)
[    1.588318] UDP-Lite hash table entries: 1024 (order: 3, 32768 bytes)
[    1.590858] NET: Registered protocol family 1
[    1.592705] pci 0000:00:00.0: Limiting direct PCI/PCI transfers
[    1.595694] pci 0000:00:01.0: Activating ISA DMA hang workarounds
[    1.598548] Unpacking initramfs...
[    1.977986] Freeing initrd memory: 15368K
[    1.983589] RAPL PMU detected, API unit is 2^-32 Joules, 4 fixed counters 10737418240 ms ovfl timer
[    1.988470] hw unit of domain pp0-core 2^-0 Joules
[    1.990447] hw unit of domain package 2^-0 Joules
[    1.993002] hw unit of domain dram 2^-0 Joules
[    1.995527] hw unit of domain pp1-gpu 2^-0 Joules
[    2.000508] platform rtc_cmos: registered platform RTC device (no PNP device found)
[    2.006061] Scanning for low memory corruption every 60 seconds
[    2.014944] audit: initializing netlink subsys (disabled)
[    2.018604] audit: type=2000 audit(1552017996.063:1): initialized
[    2.022404] Initialise system trusted keyring
[    2.025489] HugeTLB registered 2 MB page size, pre-allocated 0 pages
[    2.029843] zbud: loaded
[    2.031535] VFS: Disk quotas dquot_6.6.0
[    2.034268] VFS: Dquot-cache hash table entries: 512 (order 0, 4096 bytes)
[    2.077966] squashfs: version 4.0 (2009/01/31) Phillip Lougher
[    2.094238] fuse init (API version 7.23)
[    2.096976] Key type big_key registered
[    2.099907] Allocating IMA MOK and blacklist keyrings.
[    2.105626] Key type asymmetric registered
[    2.108089] Asymmetric key parser 'x509' registered
[    2.127116] Block layer SCSI generic (bsg) driver version 0.4 loaded (major 249)
[    2.131074] io scheduler noop registered
[    2.133197] io scheduler deadline registered (default)
[    2.135466] io scheduler cfq registered
[    2.143675] pci_hotplug: PCI Hot Plug PCI Core version: 0.5
[    2.153248] pciehp: PCI Express Hot Plug Controller Driver version: 0.4
[    2.167987] ACPI: AC Adapter [AC] (on-line)
[    2.170895] input: Power Button as /devices/LNXSYSTM:00/LNXPWRBN:00/input/input0
[    2.184089] ACPI: Power Button [PWRF]
[    2.192799] input: Sleep Button as /devices/LNXSYSTM:00/LNXSLPBN:00/input/input1
[    2.197379] ACPI: Sleep Button [SLPF]
[    2.205037] ACPI: Battery Slot [BAT0] (battery present)
[    2.211735] GHES: HEST is not enabled!
[    2.220869] Serial: 80/16550 driver, 32 ports, IRQ sharing enabled

[    2.327963] 00:02: ttyS0 at I/O 0x3f8 (irq = 4, base_baud = 115200) is a 16550A
[    2.338856] Linux agpgart interface v0.103
[    2.345189] loop: module loaded
[    2.347999] scsi host0: ata_piix
[    2.350163] scsi host1: ata_piix
[    2.351696] ata1: PATA max UDMA/33 cmd 0x1f0 ctl 0x3f6 bmdma 0xd000 irq 14
[    2.360343] ata2: PATA max UDMA/33 cmd 0x17ctl 0x376 bmdma 0xd008 irq 15

[    2.416125] libphy: Fixed MDIO Bus: probed
[    2.418491] tun: Universal TUN/TAP device driver, 1.6
[    2.421821] tun: (C) 1999-2004 Max Krasnyansky <maxk@qualcomm.com>
[    2.425952] PPP generic driver version 2.4.2
[    2.427929] ehci_hcd: USB 2.0 'Enhanced' Host Controller (EHCI) Driver
[    2.430449] ehci-pci: EHCI PCI platform driver
[    2.432317] ehci-platform: EHCI generic platform driver
[    2.434410] ohci_hcd: USB 1.1 'Open' Host Controller (OHCI) Driver
[    2.437365] ohci-pci: OHCI PCI platform driver
[    2.439206] ohci-platform: OHCI generic platform driver
[    2.441334] uhci_hcd: USB Universal Host Controller Interface driver
[    2.444006] i8042: PNP: PS/2 Controller [PNP0303:PS2K,PNP0f03:PS2M] at 0x60,0x64 irq 1,12
[    2.447798] serio: i8042 KBD port at 0x60,0x64 irq 1
[    2.449830] serio: i8042 AUX port at 0x60,0x64 irq 12
[    2.452215] mousedev: PS/2 mouse device common for all mice
[    2.456841] input: AT Translated Set 2 keyboard as /devices/platform/i8042/serio0/input/input2
[    2.463130] rtc_cmos rtc_cmos: rtc core: registered rtc_cmos as rtc0
[    2.466584] rtc_cmos rtc_cmos: alarms up to one day, 114 bytes nvram
[    2.469936] i2c /dev entries driver
[    2.472039] device-mapper: uevent: version 1.0.3
[    2.474521] device-mapper: ioctl: 4.34.0-ioctl (2015-10-28) initialised: dm-devel@redhat.com
[    2.479617] ledtrig-cpu: registered to indicate activity on CPUs
[    2.482949] NET: Registered protocol family 10
[    2.485212] NET: Registered protocol family 17
[    2.487117] Key type dns_resolver registered
[    2.489781] registered taskstats version 1
[    2.491977] Loading compiled-in X.509 certificates
[    2.495253] Loaded X.509 cert 'Build time autogenerated kernel key: a88b0f663ecfd40e6a501dee2f0b211d51902e35'
[    2.522579] zswap: loaded using pool lzo/zbud
[    2.528797] Key type trusted registered
[    2.538379] Key type encrypted registered
[    2.540897] AppArmor: AppArmor sha1 policy hashing enabled
[    2.544265] ima: No TPM chip found, activating TPM-bypass!
[    2.548074] ima: Allocated hash algorithm: sha1
[    2.550755] evm: HMAC attrs: 0x1
[    2.553013]   Magic number: 11:68:110
[    2.554836] alarmtimer alarmtimer: hash matches
[    2.566837] rtc_cmos rtc_cmos: setting system clock to 2019-03-08 04:06:27 UTC (1552017987)
[    2.572097] BIOS EDD facility v0.16 2004-Jun-25, 0 devices found
[    2.584980] EDD information not available.
[    2.589227] Freeing unused kernel memory: 1528K
[    2.603726] Write protecting the kernel read-only data: 14336k
[    2.609843] Freeing unused kernel memory: 1664K
[    2.613408] Freeing unused kernel memory: 92K
Loading, please wait...
starting version 229
[    2.635756] random: systemd-udevd: uninitialized urandom read (16 bytes read, 5 bits of entropy available)
[    2.636580] random: udevadm: uninitialized urandom read (16 bytes read, 5 bits of entropy available)
[    2.636613] random: udevadm: uninitialized urandom read (16 bytes read, 5 bits of entropy available)
[    2.647437] random: systemd-udevd: uninitialized urandom read (16 bytes read, 5 bits of entropy available)
[    2.649271] random: udevadm: uninitialized urandom read (16 bytes read, 5 bits of entropy available)
[    2.649338] random: udevadm: uninitialized urandom read (16 bytes read, 5 bits of entropy available)
[    2.649553] random: udevadm: uninitialized urandom read (16 bytes read, 5 bits of entropy available)
[    2.649636] random: udevadm: uninitialized urandom read (16 bytes read, 5 bits of entropy available)
[    2.649721] random: udevadm: uninitialized urandom read (16 bytes read, 5 bits of entropy available)
[    2.649803] random: udevadm: uninitialized urandom read (16 bytes read, 5 bits of entropy available)
[    2.722703] Fusion MPT base driver 3.04.20
[    2.724774] Copyright (c) 1999-2008 LSI Corporation
[    2.732702] e1000: Intel(R) PRO/1000 Network Driver - version 7.3.21-k8-NAPI
[    2.737271] e1000: Copyright (c) 1999-2006 Intel Corporation.
[    2.755058] AVX2 version of gcm_enc/dec engaged.
[    2.764905] AES CTR mode by8 optimization enabled
[    2.771854] Fusion MPT SPI Host driver 3.04.20
[    2.934044] input: ImExPS/2 Generic Explorer Mouse as /devices/platform/i8042/serio1/input/input4
[    3.003334] tsc: Refined TSC clocksource calibration: 1600.027 MHz
[    3.010097] clocksource: tsc: mask: 0xffffffffffffffff max_cycles: 0x17103e6e85a, max_idle_ns: 440795213189 ns
[    3.339049] e1000 0000:00:03.0 eth0: (PCI:33MHz:32-bit) 02:93:23:4d:82:b3
[    3.343386] e1000 0000:00:03.0 eth0: Intel(R) PRO/1000 Network Connection
[    3.348596] mptbase: ioc0: Initiating bringup
[    3.349603] e1000 0000:00:03.0 enp0s3: renamed from eth0
[    3.432383] ioc0: LSI53C1030 A0: Capabilities={Initiator}
[    4.059458] scsi host2: ioc0: LSI53C1030 A0, FwRev=00000000h, Ports=1, MaxQ=256, IRQ=20
[    4.718780] scsi 2:0:0:0: Direct-Access     VBOX     HARDDISK         1.0  PQ: 0 ANSI: 5
[    4.723847] scsi target2:0:0: Beginning Domain Validation
[    4.742425] scsi target2:0:0: Domain Validation skipping write tests
[    4.745181] scsi target2:0:0: Ending Domain Validation
[    4.747797] scsi target2:0:0: asynchronous
[    4.750739] scsi 2:0:1:0: Direct-Access     VBOX     HARDDISK         1.0  PQ: 0 ANSI: 5
[    4.754236] scsi target2:0:1: Beginning Domain Validation
[    4.760513] scsi target2:0:1: Domain Validation skipping write tests
[    4.763563] scsi target2:0:1: Ending Domain Validation
[    4.766142] scsi target2:0:1: asynchronous
[    4.780946] sd 2:0:0:0: [sda] 20971520 512-byte logical blocks: (10.7 GB/10.0 GiB)
[    4.780956] sd 2:0:0:0: Attached scsi generic sg0 type 0
[    4.781406] sd 2:0:1:0: Attached scsi generic sg1 type 0
[    4.789228] sd 2:0:1:0: [sdb] 20480 512-byte logical blocks: (10.5 MB/10.0 MiB)
[    4.789533] sd 2:0:0:0: [sda] Write Protect is off
[    4.789777] sd 2:0:0:0: [sda] Incomplete mode parameter data
[    4.789779] sd 2:0:0:0: [sda] Assuming drive cache: write through
[    4.801019] sd 2:0:1:0: [sdb] Write Protect is off
[    4.803496]  sda: sda1
[    4.806776] sd 2:0:1:0: [sdb] Incomplete mode parameter data
[    4.807142] sd 2:0:0:0: [sda] Attached SCSI disk
[    4.811402] sd 2:0:1:0: [sdb] Assuming drive cache: write through
[    4.828138] sd 2:0:1:0: [sdb] Attached SCSI disk
Begin: Loading essential drivers ... [    6.261817] md: linear personality registered for level -1
[    6.268355] md: multipath personality registered for level -4
[    6.274787] md: raid0 personality registered for level 0
[    6.282417] md: raid1 personality registered for level 1
[    6.359360] raid6: sse2x1   gen()  8053 MB/s
[    6.427475] raid6: sse2x1   xor()  2644 MB/s
[    6.507143] raid6: sse2x2   gen()  3947 MB/s
[    6.579264] raid6: sse2x2   xor()  6547 MB/s
[    6.647251] raid6: sse2x4   gen() 11245 MB/s
[    6.715249] raid6: sse2x4   xor()  8115 MB/s
[    6.787040] raid6: avx2x1   gen() 15554 MB/s
[    6.855406] raid6: avx2x2   gen() 18181 MB/s
[    6.923263] raid6: avx2x4   gen() 20489 MB/s
[    6.928281] raid6: using algorithm avx2x4 gen() 20489 MB/s
[    6.931219] raid6: using avx2x2 recovery algorithm
[    6.935870] xor: automatically using best checksumming function:
[    6.975580]    avx       : 22364.000 MB/sec
[    6.979768] async_tx: api initialized (async)
[    6.991846] md: raid6 personality registered for level 6
[    6.995016] md: raid5 personality registered for level 5
[    6.998500] md: raid4 personality registered for level 4
[    7.009180] md: raid10 personality registered for level 10
done.
Begin: Running /scripts/init-premount ... done.
Begin: Mounting root file system ... Begin: Running /scripts/local-top ... done.
Begin: Running /scripts/local-premount ... [    7.057392] Btrfs loaded
Scanning for Btrfs filesystems
done.
Warning: fsck not present, so skipping root file system
[    7.165576] EXT4-fs (sda1): mounted filesystem with ordered data mode. Opts: (null)
done.
Begin: Running /scripts/local-bottom ... done.
Begin: Running /scripts/init-bottom ... done.
[    7.673979] systemd[1]: systemd 229 running in system mode. (+PAM +AUDIT +SELINUX +IMA +APPARMOR +SMACK +SYSVINIT +UTMP +LIBCRYPTSETUP +GCRYPT +GNUTLS +ACL +XZ -LZ4 +SECCOMP +BLKID +ELFUTILS +KMOD -IDN)
[    7.712653] systemd[1]: Detected virtualization oracle.
[    7.718444] systemd[1]: Detected architecture x86-64.

Welcome to [1mUbuntu 16.04.5 LTS[0m!

[    7.733303] systemd[1]: Set hostname to <ubuntu-xenial>.
[    8.511265] systemd[1]: Reached target Swap.
[[0;32m  OK  [0m] Reached target Swap.
[    8.518525] systemd[1]: Listening on /dev/initctl Compatibility Named Pipe.
[[0;32m  OK  [0m] Listening on /dev/initctl Compatibility Named Pipe.
[    8.534421] systemd[1]: Listening on udev Control Socket.
[[0;32m  OK  [0m] Listening on udev Control Socket.
[    8.548969] systemd[1]: Listening on udev Kernel Socket.
[[0;32m  OK  [0m] Listening on udev Kernel Socket.
[    8.557826] systemd[1]: Listening on Syslog Socket.
[[0;32m  OK  [0m] Listening on Syslog Socket.
[    8.563828] systemd[1]: Created slice User and Session Slice.
[[0;32m  OK  [0m] Created slice User and Session Slice.
[    8.569206] systemd[1]: Reached target System Time Synchronized.
[[0;32m  OK  [0m] Reached target System Time Synchronized.
[    8.580713] systemd[1]: Set up automount Arbitrary Executable File Formats File System Automount Point.
[[0;32m  OK  [0m] Set up automount Arbitrary Executab...ats File System Automount Point.
[    8.591828] systemd[1]: Listening on Device-mapper event daemon FIFOs.
[[0;32m  OK  [0m] Listening on Device-mapper event daemon FIFOs.
[    8.603482] systemd[1]: Reached target Encrypted Volumes.
[[0;32m  OK  [0m] Reached target Encrypted Volumes.
[    8.609918] systemd[1]: Listening on Journal Socket.
[[0;32m  OK  [0m] Listening on Journal Socket.
[    8.615923] systemd[1]: Listening on LVM2 poll daemon socket.
[[0;32m  OK  [0m] Listening on LVM2 poll daemon socket.
[    8.626931] systemd[1]: Listening on LVM2 metadata daemon socket.
[[0;32m  OK  [0m] Listening on LVM2 metadata daemon socket.
[    8.634455] systemd[1]: Started Trigger resolvconf update for networkd DNS.
[[0;32m  OK  [0m] Started Trigger resolvconf update for networkd DNS.
[    8.652195] systemd[1]: Created slice System Slice.
[[0;32m  OK  [0m] Created slice System Slice.
[    8.671809] systemd[1]: Starting Nameserver information manager...
         Starting Nameserver information manager...
[    8.683721] systemd[1]: Mounting POSIX Message Queue File System...
         Mounting POSIX Message Queue File System...
[    8.705872] systemd[1]: Starting Uncomplicated firewall...
         Starting Uncomplicated firewall...
[    8.731479] systemd[1]: Mounting Debug File System...
         Mounting Debug File System...
[    8.746954] systemd[1]: Reached target Slices.
[[0;32m  OK  [0m] Reached target Slices.
[    8.758702] systemd[1]: Starting Monitoring of LVM2 mirrors, snapshots etc. using dmeventd or progress polling...
         Starting Monitoring of LVM2 mirrors... dmeventd or progress polling...
[    8.791760] systemd[1]: Created slice system-serial\x2dgetty.slice.
[[0;32m  OK  [0m] Created slice system-serial\x2dgetty.slice.
[    8.820011] systemd[1]: Started Forward Password Requests to Wall Directory Watch.
[[0;32m  OK  [0m] Started Forward Password Requests to Wall Directory Watch.
[    8.848295] systemd[1]: Listening on Journal Audit Socket.
[[0;32m  OK  [0m] Listening on Journal Audit Socket.
[    8.871898] systemd[1]: Starting Set console keymap...
         Starting Set console keymap...
[    8.880932] systemd[1]: Starting Create list of required static device nodes for the current kernel...
[    8.889634] random: nonblocking pool is initialized
         Starting Create list of required st... nodes for the current kernel...
[    8.904173] systemd[1]: Listening on Journal Socket (/dev/log).
[[0;32m  OK  [0m] Listening on Journal Socket (/dev/log).
[    8.920729] systemd[1]: Starting Journal Service...
         Starting Journal Service...
[    8.943129] systemd[1]: Starting Load Kernel Modules...
         Starting Load Kernel Modules...
[    8.974642] systemd[1]: Reached target User and Group Name Lookups.
[    8.986583] Loading iSCSI transport class v2.0-870.
[[0;32m  OK  [0m] Reached target User and Group Name Lookups.
[    9.019385] iscsi: registered transport (tcp)
[    9.024541] systemd[1]: Starting Remount Root and Kernel File Systems...
         Starting Remount Root and Kernel File S[    9.037369] EXT4-fs (sda1): re-mounted. Opts: (null)
ystems...
[    9.095247] systemd[1]: Mounting Huge Pages File System...
         Mounting Huge Pages File System...
[    9.117749] systemd[1]: Mounted POSIX Message Queue File System.
[[0;32m  OK  [0m] Mounted POSIX Message Queue File System.
[    9.125856] systemd[1]: Mounted Debug File System.
[[0;32m  OK  [0m] Mounted Debug File System.
[    9.141400] iscsi: registered transport (iser)
[    9.147686] systemd[1]: Mounted Huge Pages File System.
[[0;32m  OK  [0m] Mounted Huge Pages File System.
[    9.155743] systemd[1]: Started Journal Service.
[[0;32m  OK  [0m] Started Journal Service.
[[0;32m  OK  [0m] Started Uncomplicated firewall.
[[0;32m  OK  [0m] Started Set console keymap.
[[0;32m  OK  [0m] Started Create list of required sta...ce nodes for the current kernel.
[[0;32m  OK  [0m] Started Load Kernel Modules.
[[0;32m  OK  [0m] Started Remount Root and Kernel File Systems.
[[0;32m  OK  [0m] Started Nameserver information manager.
[[0;32m  OK  [0m] Started LVM2 metadata daemon.
         Starting Load/Save Random Seed...
         Starting udev Coldplug all Devices...
         Mounting FUSE Control File System...
         Starting Apply Kernel Variables...
         Starting Create Static Device Nodes in /dev...
         Starting Flush Journal to Persistent Storage...
[[0;32m  OK  [0m] Mounted FUSE Control File System.
[[0;32m  OK  [0m] Started Load/Save Random Seed.
[[0;32m  OK  [0m] Started Apply Kernel Variables.
[[0;32m  OK  [0m] Started Create Static Device Nodes in /dev.
[[0;32m  OK  [0m] Started udev Coldplug all Devices.
[[0;32m  OK  [0m] Started Monitoring of LVM2 mirrors,...ng dmeventd or progress polling.
[[0;32m  OK  [0m] Started Flush Journal to Persistent Storage.
         Starting udev Kernel Device Manager...
[[0;32m  OK  [0m] Started udev Kernel Device Manager.
[[0;32m  OK  [0m] Reached target Local File Systems (Pre).
[[0;32m  OK  [0m] Reached target Local File Systems.
         Starting Create Volatile Files and Directories...
         Starting LSB: AppArmor initialization...
         Starting Set console font and keymap...
         Starting Tell Plymouth To Write Out Runtime Data...
         Starting Initial cloud-init job (pre-networking)...
[[0;32m  OK  [0m] Started Dispatch Password Requests to Console Directory Watch.
[[0;32m  OK  [0m] Started Create Volatile Files and Directories.
[[0;32m  OK  [0m] Started Tell Plymouth To Write Out Runtime Data.
         Starting Update UTMP about System Boot/Shutdown...
[[0;32m  OK  [0m] Started Update UTMP about System Boot/Shutdown.
[[0;32m  OK  [0m] Found device /dev/ttyS0.
[[0;32m  OK  [0m] Started LSB: AppArmor initialization.
[[0;32m  OK  [0m] Listening on Load/Save RF Kill Switch Status /dev/rfkill Watch.
[[0;32m  OK  [0m] Found device 82540EM Gigabit Ethern...r (PRO/1000 MT Desktop Adapter).
[[0;32m  OK  [0m] Started Set console font and keymap.
[[0;32m  OK  [0m] Created slice system-getty.slice.
[   11.860116] cloud-init[495]: Cloud-init v. 18.3-9-g2e62cb8a-0ubuntu1~16.04.2 running 'init-local' at Fri, 08 Mar 2019 04:06:37 +0000. Up 11.22 seconds.
[[0;32m  OK  [0m] Started Initial cloud-init job (pre-networking).
[[0;32m  OK  [0m] Reached target Network (Pre).
[[0;32m  OK  [0m] Started ifup for enp0s3.
         Starting Raise network interfaces...
[[0;32m  OK  [0m] Started Raise network interfaces.
[[0;32m  OK  [0m] Reached target Network.
         Starting Initial cloud-init job (metadata service crawler)...
[   13.260523] cloud-init[956]: Cloud-init v. 18.3-9-g2e62cb8a-0ubuntu1~16.04.2 running 'init' at Fri, 08 Mar 2019 04:06:38 +0000. Up 12.60 seconds.
[   13.278656] cloud-init[956]: ci-info: ++++++++++++++++++++++++++++++++++++++Net device info++++++++++++++++++++++++++++++++++++++
[   13.321661] cloud-init[956]: ci-info: +--------+------+----------------------------+---------------+--------+-------------------+
[   13.345585] cloud-init[956]: ci-info: | Device |  Up  |          Address           |      Mask     | Scope  |     Hw-Address    |
[[0;32m  OK  [0m] Started Initial cloud-init job (metadata service crawler).
[   13.381135] cloud-init[956]: ci-info: +--------+------+----------------------------+---------------+--------+-------------------+
[   13.413604] cloud-init[956]: ci-info: | enp0s3 | True |         10.0.2.15          | 255.255.255.0 | global | 02:93:23:4d:82:b3 |
[   13.414652] cloud-init[956]: ci-info: | enp0s3 | True | fe80::93:23ff:fe4d:82b3/64 |       .       |  link  | 02:93:23:4d:82:b3 |
[[0;32m  OK  [0m] Reached target Network is Online.
[   13.416296] cloud-init[956]: ci-info: |   lo   | True |         127.0.0.1          |   255.0.0.0   |  host  |         .         |
[   13.446747] cloud-init[956]: ci-info: |   lo   | True |          ::1/128           |       .       |  host  |         .         |
[   13.481105] cloud-init[956]: ci-info: +--------+------+----------------------------+---------------+--------+-------------------+
[   13.482570] cloud-init[956]: ci-info: +++++++++++++++++++++++++++Route IPv4 info++++++++++++++++++++++++++++
[   13.484849] cloud-init[956]: ci-info: +-------+-------------+----------+---------------+-----------+-------+
[   13.484915] cloud-init[956]: ci-info: | Route | Destination | Gateway  |    Genmask    | Interface | Flags |
         Starting iSCSI initiator daemon (iscsid)...
[   13.484984] cloud-init[956]: ci-info: +-------+-------------+----------+---------------+-----------+-------+
[   13.767851] cloud-init[956]: ci-info: |   0   |   0.0.0.0   | 10.0.2.2 |    0.0.0.0    |   enp0s3  |   UG  |
[   13.785085] cloud-init[956]: ci-info: |   1   |   10.0.2.0  | 0.0.0.0  | 255.255.255.0 |   enp0s3  |   U   |
[   13.814389] cloud-init[956]: ci-info: +-------+-------------+----------+---------------+-----------+-------+
[   13.817841] cloud-init[956]: ci-info: +++++++++++++++++++Route IPv6 info+++++++++++++++++++
[   13.820057] cloud-init[956]: ci-info: +-------+-------------+---------+-----------+-------+
[   13.820538] cloud-init[956]: ci-info: | Route | Destination | Gateway | Interface | Flags |
[   13.820620] cloud-init[956]: ci-info: +-------+-------------+---------+-----------+-------+
[   13.820683] cloud-init[956]: ci-info: |   0   |  fe80::/64  |    ::   |   enp0s3  |   U   |
[   13.820844] cloud-init[956]: ci-info: |   3   |   ff00::/8  |    ::   |   enp0s3  |   U   |
[   13.821116] cloud-init[956]: ci-info: +-------+-------------+---------+-----------+-------+
[[0;32m  OK  [0m] Reached target Cloud-config availability.
[[0;32m  OK  [0m] Reached target System Initialization.
[[0;32m  OK  [0m] Started Daily apt download activities.
         Starting Socket activation for snappy daemon.
         Starting LXD - unix socket.
[[0;32m  OK  [0m] Listening on UUID daemon activation socket.
[[0;32m  OK  [0m] Started Daily apt upgrade and clean activities.
[[0;32m  OK  [0m] Listening on ACPID Listen Socket.
[[0;32m  OK  [0m] Started Daily Cleanup of Temporary Directories.
[[0;32m  OK  [0m] Listening on D-Bus System Message Bus Socket.
[[0;32m  OK  [0m] Started ACPI Events Check.
[[0;32m  OK  [0m] Reached target Paths.
[[0;32m  OK  [0m] Reached target Timers.
[[0;32m  OK  [0m] Listening on Socket activation for snappy daemon.
[[0;32m  OK  [0m] Listening on LXD - unix socket.
[[0;32m  OK  [0m] Started iSCSI initiator daemon (iscsid).
         Starting Login to default iSCSI targets...
[[0;32m  OK  [0m] Reached target Sockets.
[[0;32m  OK  [0m] Reached target Basic System.
         Starting LSB: MD monitoring daemon...
         Starting /etc/rc.local Compatibility...
[[0;32m  OK  [0m] Started D-Bus System Message Bus.
         Starting LXD - container startup/shutdown...
[[0;32m  OK  [0m] Started Unattended Upgrades Shutdown.
         Starting Accounts Service...
         Starting LSB: Record successful boot for GRUB...
         Starting System Logging Service...
[[0;32m  OK  [0m] Started ACPI event daemon.
         Starting Login Service...
[[0;32m  OK  [0m] Started FUSE filesystem for LXC.
[[0;32m  OK  [0m] Started Regular background program processing daemon.
         Starting OpenBSD Secure Shell server...
         Starting Virtualbox guest utils...
[[0;32m  OK  [0m] Started Deferred execution scheduler.
         Starting Snappy daemon...
[[0;32m  OK  [0m] Started System Logging Service.
[[0;32m  OK  [0m] Started /etc/rc.local Compatibility.
[[0;32m  OK  [0m] Started Login to default iSCSI targets.
[[0;32m  OK  [0m] Started LSB: MD monitoring daemon.
[[0;32m  OK  [0m] Started OpenBSD Secure Shell server.
[[0;32m  OK  [0m] Started LSB: Record successful boot for GRUB.
[[0;32m  OK  [0m] Started LXD - container startup/shutdown.
[[0;32m  OK  [0m] Started Login Service.
         Starting Authenticate and Authorize Users to Run Privileged Tasks...
[[0;32m  OK  [0m] Reached target Remote File Systems (Pre).
[[0;32m  OK  [0m] Reached target Remote File Systems.
         Starting LSB: automatic crash report generation...
         Starting LSB: Set the CPU Frequency Scaling governor to "ondemand"...
         Starting Permit User Sessions...
         Starting LSB: daemon to balance interrupts for SMP systems...
[[0;32m  OK  [0m] Started Permit User Sessions.
[[0;32m  OK  [0m] Started Authenticate and Authorize Users to Run Privileged Tasks.
         Starting Hold until boot process finishes up...
         Starting Terminate Plymouth Boot Screen...
[[0;32m  OK  [0m] Started LSB: automatic crash report generation.
[[0;32m  OK  [0m] Started LSB: Set the CPU Frequency Scaling governor to "ondemand".
[[0;32m  OK  [0m] Started Virtualbox guest utils.
[[0;32m  OK  [0m] Started LSB: daemon to balance interrupts for SMP systems.
[[0;32m  OK  [0m] Started Hold until boot process finishes up.
[[0;32m  OK  [0m] Started Terminate Plymouth Boot Screen.
[[0;32m  OK  [0m] Started Accounts Service.
[[0;32m  OK  [0m] Started Serial Getty on ttyS0.
         Starting Set console scheme...
[[0;32m  OK  [0m] Started Getty on tty1.
[[0;32m  OK  [0m] Reached target Login Prompts.
[[0;32m  OK  [0m] Started Snappy daemon.
[[0;32m  OK  [0m] Started Set console scheme.
         Starting Wait until snapd is fully seeded...
[[0;32m  OK  [0m] Created slice User Slice of vagrant.
[[0;32m  OK  [0m] Started Wait until snapd is fully seeded.
[[0;32m  OK  [0m] Started Session 1 of user vagrant.
         Starting Apply the settings specified in cloud-config...
[[0;32m  OK  [0m] Reached target Multi-User System.
[[0;32m  OK  [0m] Reached target Graphical Interface.
         Starting Update UTMP about System Runlevel Changes...
         Starting User Manager for UID 1000...
[[0;32m  OK  [0m] Started Update UTMP about System Runlevel Changes.
[[0;32m  OK  [0m] Started User Manager for UID 1000.
[   16.278869] cloud-init[1191]: Cloud-init v. 18.3-9-g2e62cb8a-0ubuntu1~16.04.2 running 'modules:config' at Fri, 08 Mar 2019 04:06:41 +0000. Up 15.93 seconds.
[[0;32m  OK  [0m] Started Apply the settings specified in cloud-config.
         Starting Execute cloud user/final scripts...
[   17.378489] cloud-init[1321]: Cloud-init v. 18.3-9-g2e62cb8a-0ubuntu1~16.04.2 running 'modules:final' at Fri, 08 Mar 2019 04:06:42 +0000. Up 17.05 seconds.
[   17.405928] cloud-init[1321]: Cloud-init v. 18.3-9-g2e62cb8a-0ubuntu1~16.04.2 finished at Fri, 08 Mar 2019 04:06:43 +0000. Datasource DataSourceNoCloud [seed=/dev/sdb][dsmode=net].  Up 17.32 seconds
[[0;32m  OK  [0m] Started Execute cloud user/final scripts.
         Starting Daily apt download activities...
[[0;32m  OK  [0m] Reached target Cloud-init target.

Ubuntu 16.04.5 LTS ubuntu-xenial ttyS0

ubuntu-xenial login: [[0;32m  OK  [0m] Started ACPI event daemon.
[[0;32m  OK  [0m] Started ACPI event daemon.
[[0;32m  OK  [0m] Started Daily apt upgrade and clean activities.
[[0;32m  OK  [0m] Started Daily apt download activities.
[[0;32m  OK  [0m] Started ACPI event daemon.
[[0;32m  OK  [0m] Started ACPI event daemon.
[[0;32m  OK  [0m] Started ACPI event daemon.
[  OK  ] Started ACPI event daemon.
[  OK  ] Started Trigger resolvconf update for networkd DNS.
[  OK  ] Started ACPI event daemon.
[  OK  ] Started ACPI event daemon.
[  OK  ] Started ACPI event daemon.
[  OK  ] Stopped Auto import assertions from block devices.
[  OK  ] Stopped Ubuntu core (all-snaps) system shutdown helper setup service.
[  OK  ] Stopped Automatically fetch and run repair assertions.
[  OK  ] Stopped Timer to automatically fetch and run repair assertions.
[  OK  ] Stopped Wait until snapd is fully seeded.
         Stopping Snappy daemon...
[  OK  ] Stopped Snappy daemon.
[  OK  ] Stopped Automatically repair incorr...ner/permissions on core devices.
[  OK  ] Closed Socket activation for snappy daemon.
[  OK  ] Started ACPI event daemon.
[  OK  ] Started ACPI event daemon.
[  OK  ] Started ACPI event daemon.
         Stopping Unattended Upgrades Shutdown...
[  OK  ] Stopped Unattended Upgrades Shutdown.
[  OK  ] Started ACPI event daemon.
[  OK  ] Started ACPI event daemon.
[  OK  ] Started ACPI event daemon.
[  OK  ] Started ACPI event daemon.
[  OK  ] Started ACPI event daemon.
         Stopping udev Kernel Device Manager...
[  OK  ] Stopped udev Kernel Device Manager.
         Starting udev Kernel Device Manager...
[  OK  ] Started udev Kernel Device Manager.
[  OK  ] Started ACPI event daemon.
[  OK  ] Started ACPI event daemon.
[  OK  ] Started ACPI event daemon.
         Stopping OpenBSD Secure Shell server...
[  OK  ] Stopped OpenBSD Secure Shell server.
         Starting OpenBSD Secure Shell server...
[  OK  ] Started OpenBSD Secure Shell server.
[  OK  ] Started ACPI event daemon.
         Starting Socket activation for snappy daemon.
[  OK  ] Listening on Socket activation for snappy daemon.
         Starting Wait until snapd is fully seeded...
         Starting Snappy daemon...
[  OK  ] Started Snappy daemon.
[  OK  ] Started Wait until snapd is fully seeded.
[  OK  ] Started Snappy daemon.
[  OK  ] Listening on Socket activation for snappy daemon.
[  OK  ] Started ACPI event daemon.
[  OK  ] Started ACPI event daemon.
         Stopping Authenticate and Authorize Users to Run Privileged Tasks...
[  OK  ] Stopped Authenticate and Authorize Users to Run Privileged Tasks.
         Starting Authenticate and Authorize Users to Run Privileged Tasks...
[  OK  ] Started Authenticate and Authorize Users to Run Privileged Tasks.
[  OK  ] Started ACPI event daemon.
[  OK  ] Started ACPI event daemon.
[  OK  ] Started Unattended Upgrades Shutdown.
[  OK  ] Started ACPI event daemon.
[  OK  ] Started Daily apt upgrade and clean activities.
